
INFO  2021-12-15 14:36:08 [main] com.server.pak.ServerApp (ServerApp.java:32) - Server wait connected User.
INFO  2021-12-15 14:37:18 [main] com.server.pak.ServerApp (ServerApp.java:35) - User connected.
INFO  2021-12-15 14:37:18 [main] com.server.pak.ServerApp (ServerApp.java:32) - Server wait connected User.
INFO  2021-12-15 14:37:23 [pool-2-thread-1] com.server.pak.ClientHandler (ClientHandler.java:84) - [Server]: Anna авторизовался.
INFO  2021-12-15 14:41:01 [pool-2-thread-1] com.server.pak.ClientHandler (ClientHandler.java:119) - [Server]: Anna disconnected!
INFO  2021-12-15 14:44:46 [main] com.server.pak.ServerApp (ServerApp.java:32) - Server wait connected User.
INFO  2021-12-15 14:44:58 [main] com.server.pak.ServerApp (ServerApp.java:34) - User connected.
INFO  2021-12-15 14:44:58 [main] com.server.pak.ServerApp (ServerApp.java:32) - Server wait connected User.
INFO  2021-12-15 14:45:03 [pool-2-thread-1] com.server.pak.ClientHandler (ClientHandler.java:82) - [Server]: Anna авторизовался.
INFO  2021-12-15 14:45:17 [pool-2-thread-1] com.server.pak.ClientHandler (ClientHandler.java:97) - от Anna: sfgfgd
INFO  2021-12-15 14:45:21 [pool-2-thread-1] com.server.pak.ClientHandler (ClientHandler.java:97) - от Anna: qerer
INFO  2021-12-15 14:45:28 [main] com.server.pak.ServerApp (ServerApp.java:34) - User connected.
INFO  2021-12-15 14:45:28 [main] com.server.pak.ServerApp (ServerApp.java:32) - Server wait connected User.
INFO  2021-12-15 14:45:34 [pool-2-thread-2] com.server.pak.ClientHandler (ClientHandler.java:82) - [Server]: Shev авторизовался.
INFO  2021-12-15 14:45:40 [pool-2-thread-2] com.server.pak.ClientHandler (ClientHandler.java:97) - от Shev: hi
INFO  2021-12-15 14:45:59 [pool-2-thread-2] com.server.pak.ClientHandler (ClientHandler.java:97) - от Shev: hellow
INFO  2021-12-15 14:46:07 [pool-2-thread-1] com.server.pak.ClientHandler (ClientHandler.java:97) - от Anna: hi hi
INFO  2021-12-15 14:46:38 [pool-2-thread-2] com.server.pak.ClientHandler (ClientHandler.java:97) - от Shev: /end
INFO  2021-12-15 14:46:38 [pool-2-thread-2] com.server.pak.ClientHandler (ClientHandler.java:116) - [Server]: Shev disconnected!
INFO  2021-12-15 14:46:42 [pool-2-thread-1] com.server.pak.ClientHandler (ClientHandler.java:97) - от Anna: /end
INFO  2021-12-15 14:46:42 [pool-2-thread-1] com.server.pak.ClientHandler (ClientHandler.java:116) - [Server]: Anna disconnected!
INFO  2021-12-16 14:54:55 [pool-2-thread-1] com.server.pak.ClientHandler (ClientHandler.java:82) - [Server]: Anna авторизовался.
INFO  2021-12-16 14:55:10 [pool-2-thread-1] com.server.pak.ClientHandler (ClientHandler.java:39) - Ошибка при создании слушателя клиента... 
INFO  2021-12-16 14:55:47 [main] com.server.pak.AuthServiceBD (AuthServiceBD.java:34) - Загрузили пользователей из БД AuthServiceBD
INFO  2021-12-16 14:55:47 [main] com.server.pak.ServerApp (ServerApp.java:31) - Server wait connected User.
INFO  2021-12-16 14:56:00 [main] com.server.pak.ServerApp (ServerApp.java:33) - User connected.
INFO  2021-12-16 14:56:00 [main] com.server.pak.ServerApp (ServerApp.java:31) - Server wait connected User.
INFO  2021-12-16 14:56:06 [pool-2-thread-1] com.server.pak.ClientHandler (ClientHandler.java:82) - [Server]: Anna авторизовался.
INFO  2021-12-16 14:56:23 [pool-2-thread-1] com.server.pak.ClientHandler (ClientHandler.java:97) - от Anna: /end
INFO  2021-12-16 14:56:23 [pool-2-thread-1] com.server.pak.ClientHandler (ClientHandler.java:116) - [Server]: Anna disconnected!
INFO  2021-12-16 14:57:14 [main] com.server.pak.AuthServiceBD (AuthServiceBD.java:34) - Загрузили пользователей из БД AuthServiceBD
INFO  2021-12-16 14:57:14 [main] com.server.pak.ServerApp (ServerApp.java:31) - Server wait connected User.
INFO  2021-12-16 14:57:26 [main] com.server.pak.ServerApp (ServerApp.java:33) - User connected.
INFO  2021-12-16 14:57:26 [main] com.server.pak.ServerApp (ServerApp.java:31) - Server wait connected User.
INFO  2021-12-16 14:58:56 [main] com.server.pak.AuthServiceBD (AuthServiceBD.java:34) - Загрузили пользователей из БД AuthServiceBD
INFO  2021-12-16 14:58:56 [main] com.server.pak.ServerApp (ServerApp.java:31) - Server wait connected User.
INFO  2021-12-16 14:59:05 [main] com.server.pak.ServerApp (ServerApp.java:33) - User connected.
INFO  2021-12-16 14:59:05 [main] com.server.pak.ServerApp (ServerApp.java:31) - Server wait connected User.
INFO  2021-12-16 14:59:12 [pool-2-thread-1] com.server.pak.ClientHandler (ClientHandler.java:82) - [Server]: Anna авторизовался.
INFO  2021-12-16 14:59:18 [pool-2-thread-1] com.server.pak.ClientHandler (ClientHandler.java:97) - от Anna: hellow
INFO  2021-12-16 14:59:58 [pool-2-thread-1] com.server.pak.ClientHandler (ClientHandler.java:97) - от Anna: /end
INFO  2021-12-16 14:59:58 [pool-2-thread-1] com.server.pak.ClientHandler (ClientHandler.java:116) - [Server]: Anna disconnected!
INFO  2021-12-16 22:56:11 [main] com.server.pak.AuthServiceBD (AuthServiceBD.java:34) - Загрузили пользователей из БД AuthServiceBD
INFO  2021-12-16 22:56:11 [main] com.server.pak.ServerApp (ServerApp.java:31) - Server wait connected User.
INFO  2021-12-16 22:56:19 [main] com.server.pak.ServerApp (ServerApp.java:33) - User connected.
INFO  2021-12-16 22:56:19 [main] com.server.pak.ServerApp (ServerApp.java:31) - Server wait connected User.
INFO  2021-12-16 22:56:25 [pool-2-thread-1] com.server.pak.ClientHandler (ClientHandler.java:81) - [Server]: Anna авторизовался.
INFO  2021-12-16 22:56:32 [main] com.server.pak.ServerApp (ServerApp.java:33) - User connected.
INFO  2021-12-16 22:56:32 [main] com.server.pak.ServerApp (ServerApp.java:31) - Server wait connected User.
INFO  2021-12-16 22:56:40 [pool-2-thread-2] com.server.pak.ClientHandler (ClientHandler.java:81) - [Server]: Shev авторизовался.
INFO  2021-12-16 22:56:53 [pool-2-thread-1] com.server.pak.ClientHandler (ClientHandler.java:96) - от Anna: /end
INFO  2021-12-16 22:56:53 [pool-2-thread-1] com.server.pak.ClientHandler (ClientHandler.java:115) - [Server]: Anna disconnected!
INFO  2021-12-16 22:56:55 [pool-2-thread-2] com.server.pak.ClientHandler (ClientHandler.java:96) - от Shev: /end
INFO  2021-12-16 22:56:55 [pool-2-thread-2] com.server.pak.ClientHandler (ClientHandler.java:115) - [Server]: Shev disconnected!
